<?xml version="1.0" encoding="UTF-8"?>
<testng-results ignored="0" total="1" passed="1" failed="0" skipped="0">
  <reporter-output>
  </reporter-output>
  <suite started-at="2024-04-28T14:06:01 IST" name="IntBankingV1" finished-at="2024-04-28T14:06:22 IST" duration-ms="21235">
    <groups>
    </groups>
    <test started-at="2024-04-28T14:06:01 IST" name="BankingApp Test" finished-at="2024-04-28T14:06:22 IST" duration-ms="21235">
      <class name="com.IntBanking.testCases.TC_LoginTest_001">
        <test-method is-config="true" signature="setup(java.lang.String)[pri:0, instance:com.IntBanking.testCases.TC_LoginTest_001@2cd2a21f]" started-at="2024-04-28T14:06:01 IST" name="setup" finished-at="2024-04-28T14:06:13 IST" duration-ms="12031" status="PASS">
          <params>
            <param index="0">
              <value>
                <![CDATA[chrome]]>
              </value>
            </param>
          </params>
          <reporter-output>
          </reporter-output>
        </test-method> <!-- setup -->
        <test-method signature="loginTest()[pri:0, instance:com.IntBanking.testCases.TC_LoginTest_001@2cd2a21f]" started-at="2024-04-28T14:06:13 IST" name="loginTest" finished-at="2024-04-28T14:06:22 IST" duration-ms="8884" status="PASS">
          <reporter-output>
          </reporter-output>
        </test-method> <!-- loginTest -->
        <test-method is-config="true" signature="handleTestFailure(org.testng.ITestResult)[pri:0, instance:com.IntBanking.testCases.TC_LoginTest_001@2cd2a21f]" started-at="2024-04-28T14:06:22 IST" name="handleTestFailure" finished-at="2024-04-28T14:06:22 IST" duration-ms="2" status="PASS">
          <params>
            <param index="0">
              <value>
                <![CDATA[[TestResult name=loginTest status=SUCCESS method=TC_LoginTest_001.loginTest()[pri:0, instance:com.IntBanking.testCases.TC_LoginTest_001@2cd2a21f] output={null}]]]>
              </value>
            </param>
          </params>
          <reporter-output>
          </reporter-output>
        </test-method> <!-- handleTestFailure -->
        <test-method is-config="true" signature="teatdown()[pri:0, instance:com.IntBanking.testCases.TC_LoginTest_001@2cd2a21f]" started-at="2024-04-28T14:06:22 IST" name="teatdown" finished-at="2024-04-28T14:06:22 IST" duration-ms="164" status="PASS">
          <reporter-output>
          </reporter-output>
        </test-method> <!-- teatdown -->
      </class> <!-- com.IntBanking.testCases.TC_LoginTest_001 -->
    </test> <!-- BankingApp Test -->
  </suite> <!-- IntBankingV1 -->
</testng-results>
